C51 COMPILER V9.60.7.0   MATRIXKEY                                                         04/23/2024 21:51:32 PAGE 1   


C51 COMPILER V9.60.7.0, COMPILATION OF MODULE MATRIXKEY
OBJECT MODULE PLACED IN .\Objects\MatrixKey.obj
COMPILER INVOKED BY: C:\Keil_v5\C51\BIN\C51.EXE MatrixKey.c OPTIMIZE(8,SPEED) BROWSE DEBUG OBJECTEXTEND PRINT(.\Listings
                    -\MatrixKey.lst) TABS(2) OBJECT(.\Objects\MatrixKey.obj)

line level    source

   1          #include "Delay.h"
   2          #include <REGX52.H>
   3          
   4          int number;
   5          
   6          int matrixKey()
   7          {
   8   1      
   9   1          P1 = 0xFF;
  10   1      
  11   1          number = -1;
  12   1      
  13   1          // // 扫描第一行
  14   1          P1_7 = 0;
  15   1          if (P1_3 == 0)
  16   1          {
  17   2              Delay1ms(20);
  18   2              while (P1_3 == 0)
  19   2                  ;
  20   2              Delay1ms(20);
  21   2              number = 0;
  22   2          }
  23   1          if (P1_2 == 0)
  24   1          {
  25   2              Delay1ms(20);
  26   2              while (P1_2 == 0)
  27   2                  ;
  28   2              Delay1ms(20);
  29   2              number = 1;
  30   2          }
  31   1          if (P1_1 == 0)
  32   1          {
  33   2              Delay1ms(20);
  34   2              while (P1_1 == 0)
  35   2                  ;
  36   2              Delay1ms(20);
  37   2              number = 2;
  38   2          }
  39   1          if (P1_0 == 0)
  40   1          {
  41   2              Delay1ms(20);
  42   2              while (P1_0 == 0)
  43   2                  ;
  44   2              Delay1ms(20);
  45   2              number = 3;
  46   2          }
  47   1      
  48   1          // 扫描第二行
  49   1          P1 = 0xFF;
  50   1          P1_6 = 0;
  51   1          if (P1_3 == 0)
  52   1          {
  53   2              Delay1ms(20);
  54   2              while (P1_3 == 0)
C51 COMPILER V9.60.7.0   MATRIXKEY                                                         04/23/2024 21:51:32 PAGE 2   

  55   2                  ;
  56   2              Delay1ms(20);
  57   2              number = 4;
  58   2          }
  59   1          if (P1_2 == 0)
  60   1          {
  61   2              Delay1ms(20);
  62   2              while (P1_2 == 0)
  63   2                  ;
  64   2              Delay1ms(20);
  65   2              number = 5;
  66   2          }
  67   1          if (P1_1 == 0)
  68   1          {
  69   2              Delay1ms(20);
  70   2              while (P1_1 == 0)
  71   2                  ;
  72   2              Delay1ms(20);
  73   2              number = 6;
  74   2          }
  75   1          if (P1_0 == 0)
  76   1          {
  77   2              Delay1ms(20);
  78   2              while (P1_0 == 0)
  79   2                  ;
  80   2              Delay1ms(20);
  81   2              number = 7;
  82   2          }
  83   1      
  84   1          // 扫描第三行
  85   1          P1 = 0xFF;
  86   1          P1_5 = 0;
  87   1      
  88   1          if (P1_3 == 0)
  89   1          {
  90   2              Delay1ms(20);
  91   2              while (P1_3 == 0)
  92   2                  ;
  93   2              Delay1ms(20);
  94   2              number = 8;
  95   2          }
  96   1          if (P1_2 == 0)
  97   1          {
  98   2              Delay1ms(20);
  99   2              while (P1_2 == 0)
 100   2                  ;
 101   2              Delay1ms(20);
 102   2              number = 9;
 103   2          }
 104   1          if (P1_1 == 0)
 105   1          {
 106   2              Delay1ms(20);
 107   2              while (P1_1 == 0)
 108   2                  ;
 109   2              Delay1ms(20);
 110   2              number = 10;
 111   2          }
 112   1          if (P1_0 == 0)
 113   1          {
 114   2              Delay1ms(20);
 115   2              while (P1_0 == 0)
 116   2                  ;
C51 COMPILER V9.60.7.0   MATRIXKEY                                                         04/23/2024 21:51:32 PAGE 3   

 117   2              Delay1ms(20);
 118   2              number = 11;
 119   2          }
 120   1      
 121   1          // 扫描第四行
 122   1          P1 = 0xFF;
 123   1          P1_4 = 0;
 124   1          if (P1_3 == 0)
 125   1          {
 126   2              Delay1ms(20);
 127   2              while (P1_3 == 0)
 128   2                  ;
 129   2              Delay1ms(20);
 130   2              number = 12;
 131   2          }
 132   1          if (P1_2 == 0)
 133   1          {
 134   2              Delay1ms(20);
 135   2              while (P1_2 == 0)
 136   2                  ;
 137   2              Delay1ms(20);
 138   2              number = 13;
 139   2          }
 140   1          if (P1_1 == 0)
 141   1          {
 142   2              Delay1ms(20);
 143   2              while (P1_1 == 0)
 144   2                  ;
 145   2              Delay1ms(20);
 146   2              number = 14;
 147   2          }
 148   1          if (P1_0 == 0)
 149   1          {
 150   2              Delay1ms(20);
 151   2              while (P1_0 == 0)
 152   2                  ;
 153   2              Delay1ms(20);
 154   2              number = 15;
 155   2          }
 156   1      
 157   1          return number;
 158   1      }


MODULE INFORMATION:   STATIC OVERLAYABLE
   CODE SIZE        =    446    ----
   CONSTANT SIZE    =   ----    ----
   XDATA SIZE       =   ----    ----
   PDATA SIZE       =   ----    ----
   DATA SIZE        =      2    ----
   IDATA SIZE       =   ----    ----
   BIT SIZE         =   ----    ----
END OF MODULE INFORMATION.


C51 COMPILATION COMPLETE.  0 WARNING(S),  0 ERROR(S)
