C51 COMPILER V9.60.7.0   MAIN                                                              04/16/2024 23:28:04 PAGE 1   


C51 COMPILER V9.60.7.0, COMPILATION OF MODULE MAIN
OBJECT MODULE PLACED IN .\Objects\main.obj
COMPILER INVOKED BY: C:\Keil_v5\C51\BIN\C51.EXE main.c OPTIMIZE(8,SPEED) BROWSE DEBUG OBJECTEXTEND PRINT(.\Listings\main
                    -.lst) TABS(2) OBJECT(.\Objects\main.obj)

line level    source

   1          #include <REGX52.H>
   2          #include <INTRINS.H>
   3          
   4          void Delay1ms(unsigned int num) //@12.000MHz
   5          {
   6   1        unsigned char data i, j;
   7   1      
   8   1        while(num){
   9   2            i = 2;
  10   2        j = 239;
  11   2        do
  12   2        {
  13   3          while (--j);
  14   3        } while (--i);
  15   2        
  16   2          num -= 1;
  17   2        }
  18   1      
  19   1      }
  20          
  21          void main(){
  22   1        
  23   1        unsigned int delayTime = 100;
  24   1        
  25   1        while(1){
  26   2          P2 = 0xFE; //1111 1110
  27   2          Delay1ms(delayTime);
  28   2          P2 = 0xFD; //1111 1101
  29   2          Delay1ms(delayTime);
  30   2          P2 = 0xFB; //1111 1011
  31   2          Delay1ms(delayTime);
  32   2          
  33   2          P2 = 0xF7; //1111 0111
  34   2          Delay1ms(delayTime);
  35   2          
  36   2          P2 = 0xEF; //1110 1111
  37   2          Delay1ms(delayTime);
  38   2          P2 = 0xDF; //1101 1111
  39   2          Delay1ms(delayTime);
  40   2          P2 = 0xBF; //1011 1111
  41   2          Delay1ms(delayTime);
  42   2          P2 = 0x7F; //0111 1111
  43   2          Delay1ms(delayTime);
  44   2        }
  45   1      }
  46          


MODULE INFORMATION:   STATIC OVERLAYABLE
   CODE SIZE        =     78    ----
   CONSTANT SIZE    =   ----    ----
   XDATA SIZE       =   ----    ----
   PDATA SIZE       =   ----    ----
   DATA SIZE        =   ----    ----
C51 COMPILER V9.60.7.0   MAIN                                                              04/16/2024 23:28:04 PAGE 2   

   IDATA SIZE       =   ----    ----
   BIT SIZE         =   ----    ----
END OF MODULE INFORMATION.


C51 COMPILATION COMPLETE.  0 WARNING(S),  0 ERROR(S)
