C51 COMPILER V9.60.7.0   MAIN                                                              04/19/2024 07:47:25 PAGE 1   


C51 COMPILER V9.60.7.0, COMPILATION OF MODULE MAIN
OBJECT MODULE PLACED IN .\Objects\main.obj
COMPILER INVOKED BY: C:\Keil_v5\C51\BIN\C51.EXE main.c OPTIMIZE(8,SPEED) BROWSE DEBUG OBJECTEXTEND PRINT(.\Listings\main
                    -.lst) TABS(2) OBJECT(.\Objects\main.obj)

line level    source

   1          #include <REGX52.H>
   2          #include "delay.h"
   3          
   4          //数码晶体管显示的值： 0，1， 2， 3， 4， 5， 6， 7， 8，9
   5          unsigned char NixieTable[] = {0x3F, 0x6,0x5B,0x4F,0x66,0x6D,0x7D, 0x07,0x7F,0x6F};
   6          
   7          //数码管显示函数
   8          void Nixie(unsigned char Location, Number){
   9   1        switch(Location){
  10   2          case 1: P2_4 = 1; P2_3 = 1; P2_2 = 1; break;
  11   2          case 2: P2_4 = 1; P2_3 = 1; P2_2 = 0; break;
  12   2        }
  13   1        
  14   1        P0 = NixieTable[Number];
  15   1      
  16   1      }
  17          
  18          void main(){
  19   1        
  20   1        while(1){
  21   2          Nixie(2,0);
  22   2          Delay1ms(1000);
  23   2          
  24   2            Nixie(2,1);
  25   2          Delay1ms(1000);
  26   2          
  27   2            Nixie(2,2);
  28   2          Delay1ms(1000);
  29   2            Nixie(2,3);
  30   2          Delay1ms(1000);
  31   2            Nixie(2,4);
  32   2          Delay1ms(1000);
  33   2            Nixie(2,5);
  34   2          Delay1ms(1000);
  35   2            Nixie(2,6);
  36   2          Delay1ms(1000);
  37   2            Nixie(2,7);
  38   2          Delay1ms(1000);
  39   2          
  40   2            Nixie(2,8);
  41   2          Delay1ms(1000);
  42   2          
  43   2            Nixie(2,9);
  44   2          Delay1ms(1000);
  45   2        };
  46   1      }


MODULE INFORMATION:   STATIC OVERLAYABLE
   CODE SIZE        =    160    ----
   CONSTANT SIZE    =   ----    ----
   XDATA SIZE       =   ----    ----
   PDATA SIZE       =   ----    ----
   DATA SIZE        =     10    ----
C51 COMPILER V9.60.7.0   MAIN                                                              04/19/2024 07:47:25 PAGE 2   

   IDATA SIZE       =   ----    ----
   BIT SIZE         =   ----    ----
END OF MODULE INFORMATION.


C51 COMPILATION COMPLETE.  0 WARNING(S),  0 ERROR(S)
