C51 COMPILER V9.60.7.0   MAIN                                                              04/27/2024 07:21:53 PAGE 1   


C51 COMPILER V9.60.7.0, COMPILATION OF MODULE MAIN
OBJECT MODULE PLACED IN .\Objects\main.obj
COMPILER INVOKED BY: C:\Keil_v5\C51\BIN\C51.EXE main.c OPTIMIZE(8,SPEED) BROWSE DEBUG OBJECTEXTEND PRINT(.\Listings\main
                    -.lst) TABS(2) OBJECT(.\Objects\main.obj)

line level    source

   1          #include <REGX52.H>
   2          
   3          
   4          
   5          
   6          //中断序号为0
   7          void exint0() interrupt 0
   8          {
   9   1        P2 = 0x55;
  10   1      } 
  11          
  12          void main(){
  13   1        // 指定为中断方式为外部中断，系统在INTx(x=0,1,2,3)脚探测到低电平后可产生外部
             -中断
  14   1          IT0 = 1;
  15   1            //CPU允许中断
  16   1          EA = 1;
  17   1            //允许外部中断
  18   1          EX0 = 1;
  19   1      
  20   1        
  21   1          while(1);
  22   1      
  23   1      }


MODULE INFORMATION:   STATIC OVERLAYABLE
   CODE SIZE        =     12    ----
   CONSTANT SIZE    =   ----    ----
   XDATA SIZE       =   ----    ----
   PDATA SIZE       =   ----    ----
   DATA SIZE        =   ----    ----
   IDATA SIZE       =   ----    ----
   BIT SIZE         =   ----    ----
END OF MODULE INFORMATION.


C51 COMPILATION COMPLETE.  0 WARNING(S),  0 ERROR(S)
