C51 COMPILER V9.60.7.0   MAIN                                                              04/17/2024 07:32:00 PAGE 1   


C51 COMPILER V9.60.7.0, COMPILATION OF MODULE MAIN
OBJECT MODULE PLACED IN .\Objects\main.obj
COMPILER INVOKED BY: C:\Keil_v5\C51\BIN\C51.EXE main.c OPTIMIZE(8,SPEED) BROWSE DEBUG OBJECTEXTEND PRINT(.\Listings\main
                    -.lst) TABS(2) OBJECT(.\Objects\main.obj)

line level    source

   1          #include <REGX52.H>
   2          
   3          
   4          void Delay1ms(unsigned int num) //@12.000MHz
   5          {
   6   1        unsigned char data i, j;
   7   1      
   8   1        while(num){
   9   2              i = 2;
  10   2          j = 239;
  11   2          do
  12   2          {
  13   3            while (--j);
  14   3          } while (--i);
  15   2        
  16   2          num--;
  17   2        }
  18   1      }
  19          
  20          void main(){
  21   1        
  22   1        while(1){
  23   2          
  24   2          if(P3_1 == 0){
  25   3              Delay1ms(20);
  26   3              while(P3_1 == 0);
  27   3              Delay1ms(20);
  28   3              
  29   3              P2_0 = ~P2_0;
  30   3          }
  31   2        
  32   2        }
  33   1      }
  34          


MODULE INFORMATION:   STATIC OVERLAYABLE
   CODE SIZE        =     44    ----
   CONSTANT SIZE    =   ----    ----
   XDATA SIZE       =   ----    ----
   PDATA SIZE       =   ----    ----
   DATA SIZE        =   ----    ----
   IDATA SIZE       =   ----    ----
   BIT SIZE         =   ----    ----
END OF MODULE INFORMATION.


C51 COMPILATION COMPLETE.  0 WARNING(S),  0 ERROR(S)
