C51 COMPILER V9.60.7.0   MAIN                                                              04/27/2024 22:49:04 PAGE 1   


C51 COMPILER V9.60.7.0, COMPILATION OF MODULE MAIN
OBJECT MODULE PLACED IN .\Objects\main.obj
COMPILER INVOKED BY: C:\Keil_v5\C51\BIN\C51.EXE main.c OPTIMIZE(8,SPEED) BROWSE DEBUG OBJECTEXTEND PRINT(.\Listings\main
                    -.lst) TABS(2) OBJECT(.\Objects\main.obj)

line level    source

   1          #include <REGX52.H>
   2          
   3          //C51扩展的变量类型，sbit 只能在外部定义全局变量，sbit大部分是用在寄存器中
             -，方便对寄存器的某位进行操作的。
   4          //定义k4键
   5          sbit k4 = P3^3;
   6          sbit led = P2^0;
   7          
   8          void Int1Init(){
   9   1          //系统在INT1脚探测下降沿后可产生外部中断
  10   1          IT1 = 1;
  11   1          EX1  = 1; //打开INT1的中断允许
  12   1          EA = 1; //打开总中断
  13   1      }
  14          
  15          void main(){
  16   1          Int1Init();
  17   1      
  18   1          while (1);
  19   1      
  20   1      }
  21          
  22          void Int1() interrupt 2{
  23   1      
  24   1          if(k4 == 0){
  25   2              led = ~led;
  26   2          }
  27   1      }


MODULE INFORMATION:   STATIC OVERLAYABLE
   CODE SIZE        =     18    ----
   CONSTANT SIZE    =   ----    ----
   XDATA SIZE       =   ----    ----
   PDATA SIZE       =   ----    ----
   DATA SIZE        =   ----    ----
   IDATA SIZE       =   ----    ----
   BIT SIZE         =   ----    ----
END OF MODULE INFORMATION.


C51 COMPILATION COMPLETE.  0 WARNING(S),  0 ERROR(S)
